<?xml version="1.0" encoding="utf-8"?><testsuites><testsuite name="pytest" errors="0" failures="0" skipped="0" tests="46" time="5.725" timestamp="2025-04-02T11:34:10.285742+09:00" hostname="MacBook-Pro-92.local"><testcase classname="tests.test_api" name="test_predict" time="0.050" /><testcase classname="tests.test_api" name="test_average_price_by_suburb" time="0.011" /><testcase classname="tests.test_api" name="test_median_price_by_suburb" time="0.010" /><testcase classname="tests.test_api" name="test_health" time="0.011" /><testcase classname="tests.test_app" name="test_predict" time="0.016" /><testcase classname="tests.test_app" name="test_average_price_by_suburb" time="0.011" /><testcase classname="tests.test_app" name="test_median_price_by_suburb" time="0.013" /><testcase classname="tests.test_app" name="test_highest_value" time="0.016" /><testcase classname="tests.test_app" name="test_lowest_value" time="0.010" /><testcase classname="tests.test_app" name="test_total_sales_per_year" time="0.011" /><testcase classname="tests.test_app" name="test_price_outliers" time="0.013" /><testcase classname="tests.test_app" name="test_most_expensive_and_cheapest_suburb" time="0.012" /><testcase classname="tests.test_app" name="test_single_suburb" time="0.012" /><testcase classname="tests.test_app" name="test_missing_suburb_or_price" time="0.020" /><testcase classname="tests.test_app" name="test_equal_average_prices" time="0.012" /><testcase classname="tests.test_app" name="test_no_data" time="0.016" /><testcase classname="tests.test_app" name="test_invalid_input_format" time="0.016" /><testcase classname="tests.test_app" name="test_predict_future_prices" time="0.015" /><testcase classname="tests.test_app" name="test_insufficient_data" time="0.011" /><testcase classname="tests.test_app" name="test_predict_future_prices_with_valid_years" time="0.016" /><testcase classname="tests.test_app" name="test_missing_price_or_timestamp" time="0.019" /><testcase classname="tests.test_app" name="test_predict_missing_attribute" time="0.013" /><testcase classname="tests.test_app" name="test_average_price_by_suburb_no_valid_data" time="0.012" /><testcase classname="tests.test_app" name="test_median_price_by_suburb_no_valid_data" time="0.012" /><testcase classname="tests.test_app" name="test_highest_value_no_valid_values" time="0.013" /><testcase classname="tests.test_app" name="test_lowest_value_no_valid_values" time="0.009" /><testcase classname="tests.test_app" name="test_median_value_no_valid_values" time="0.010" /><testcase classname="tests.test_app" name="test_predict_future_prices_not_enough_data" time="0.012" /><testcase classname="tests.test_app" name="test_price_outliers_not_enough_data" time="0.014" /><testcase classname="tests.test_app" name="test_total_sales_per_year_invalid_date" time="0.014" /><testcase classname="tests.test_app" name="test_most_expensive_and_cheapest_suburb_no_data" time="0.013" /><testcase classname="tests.test_app" name="test_health" time="0.012" /><testcase classname="tests.test_app" name="test_workflow_predict_and_outliers" time="0.024" /><testcase classname="tests.test_app" name="test_workflow_sales_and_median_price" time="0.021" /><testcase classname="tests.test_integration" name="test_workflow_predict_and_outliers" time="0.022" /><testcase classname="tests.test_integration" name="test_workflow_sales_and_median_price" time="0.018" /><testcase classname="tests.test_unit" name="test_predict_missing_attribute" time="0.013" /><testcase classname="tests.test_unit" name="test_average_price_by_suburb_no_valid_data" time="0.013" /><testcase classname="tests.test_unit" name="test_median_price_by_suburb_no_valid_data" time="0.013" /><testcase classname="tests.test_unit" name="test_highest_value_no_valid_values" time="0.011" /><testcase classname="tests.test_unit" name="test_lowest_value_no_valid_values" time="0.011" /><testcase classname="tests.test_unit" name="test_median_value_no_valid_values" time="0.010" /><testcase classname="tests.test_unit" name="test_predict_future_prices_not_enough_data" time="0.010" /><testcase classname="tests.test_unit" name="test_price_outliers_not_enough_data" time="0.012" /><testcase classname="tests.test_unit" name="test_total_sales_per_year_invalid_date" time="0.012" /><testcase classname="tests.test_unit" name="test_most_expensive_and_cheapest_suburb_no_data" time="0.010" /></testsuite></testsuites>